<?xml version="1.0" encoding="utf-8"?>
<coverage line-rate="0.218" branch-rate="0.1888" version="1.9" timestamp="1655459602" lines-covered="188" lines-valid="862" branches-covered="17" branches-valid="90">
  <sources>
    <source>D:\dev\oop2.1_labs\CryptoHelper\</source>
  </sources>
  <packages>
    <package name="Kernel.Client" line-rate="0.045899999999999996" branch-rate="0" complexity="56">
      <classes>
        <class name="Kernel.Client.AppExtensions" filename="Kernel.Client\AppExtensions.cs" line-rate="0" branch-rate="1" complexity="1">
          <methods>
            <method name="AddKernelClient" signature="(Microsoft.Extensions.DependencyInjection.IServiceCollection)" line-rate="0" branch-rate="1" complexity="1">
              <lines>
                <line number="11" hits="0" branch="False" />
                <line number="12" hits="0" branch="False" />
                <line number="13" hits="0" branch="False" />
                <line number="14" hits="0" branch="False" />
                <line number="15" hits="0" branch="False" />
                <line number="16" hits="0" branch="False" />
                <line number="17" hits="0" branch="False" />
                <line number="18" hits="0" branch="False" />
                <line number="19" hits="0" branch="False" />
                <line number="20" hits="0" branch="False" />
                <line number="21" hits="0" branch="False" />
                <line number="22" hits="0" branch="False" />
                <line number="23" hits="0" branch="False" />
              </lines>
            </method>
          </methods>
          <lines>
            <line number="11" hits="0" branch="False" />
            <line number="12" hits="0" branch="False" />
            <line number="13" hits="0" branch="False" />
            <line number="14" hits="0" branch="False" />
            <line number="15" hits="0" branch="False" />
            <line number="16" hits="0" branch="False" />
            <line number="17" hits="0" branch="False" />
            <line number="18" hits="0" branch="False" />
            <line number="19" hits="0" branch="False" />
            <line number="20" hits="0" branch="False" />
            <line number="21" hits="0" branch="False" />
            <line number="22" hits="0" branch="False" />
            <line number="23" hits="0" branch="False" />
          </lines>
        </class>
        <class name="Kernel.Client.Options.ApiOptions" filename="Kernel.Client\Options\ApiOptions.cs" line-rate="0" branch-rate="1" complexity="3">
          <methods>
            <method name="get_ApiUrl" signature="()" line-rate="0" branch-rate="1" complexity="1">
              <lines>
                <line number="5" hits="0" branch="False" />
              </lines>
            </method>
            <method name="get_Url" signature="()" line-rate="0" branch-rate="1" complexity="1">
              <lines>
                <line number="6" hits="0" branch="False" />
              </lines>
            </method>
            <method name="get_Headers" signature="()" line-rate="0" branch-rate="1" complexity="1">
              <lines>
                <line number="7" hits="0" branch="False" />
              </lines>
            </method>
          </methods>
          <lines>
            <line number="5" hits="0" branch="False" />
            <line number="6" hits="0" branch="False" />
            <line number="7" hits="0" branch="False" />
          </lines>
        </class>
        <class name="Kernel.Client.Options.BinanceApiOptions" filename="Kernel.Client\Options\BinanceApiOptions.cs" line-rate="0" branch-rate="1" complexity="3">
          <methods>
            <method name="get_ApiUrl" signature="()" line-rate="0" branch-rate="1" complexity="1">
              <lines>
                <line number="6" hits="0" branch="False" />
              </lines>
            </method>
            <method name="get_ApiKey" signature="()" line-rate="0" branch-rate="1" complexity="1">
              <lines>
                <line number="7" hits="0" branch="False" />
              </lines>
            </method>
            <method name="get_SecretKey" signature="()" line-rate="0" branch-rate="1" complexity="1">
              <lines>
                <line number="8" hits="0" branch="False" />
              </lines>
            </method>
          </methods>
          <lines>
            <line number="6" hits="0" branch="False" />
            <line number="7" hits="0" branch="False" />
            <line number="8" hits="0" branch="False" />
          </lines>
        </class>
        <class name="Kernel.Client.Options.TelegramOptions" filename="Kernel.Client\Options\TelegramOptions.cs" line-rate="0" branch-rate="1" complexity="2">
          <methods>
            <method name="get_ApiToken" signature="()" line-rate="0" branch-rate="1" complexity="1">
              <lines>
                <line number="5" hits="0" branch="False" />
              </lines>
            </method>
            <method name="get_Url" signature="()" line-rate="0" branch-rate="1" complexity="1">
              <lines>
                <line number="6" hits="0" branch="False" />
              </lines>
            </method>
          </methods>
          <lines>
            <line number="5" hits="0" branch="False" />
            <line number="6" hits="0" branch="False" />
          </lines>
        </class>
        <class name="Kernel.Client.Contracts.Cryptocurrency" filename="Kernel.Client\Contracts\Cryptocurrency.cs" line-rate="0.8" branch-rate="1" complexity="5">
          <methods>
            <method name="get_Id" signature="()" line-rate="1" branch-rate="1" complexity="1">
              <lines>
                <line number="7" hits="27" branch="False" />
              </lines>
            </method>
            <method name="get_Name" signature="()" line-rate="1" branch-rate="1" complexity="1">
              <lines>
                <line number="8" hits="27" branch="False" />
              </lines>
            </method>
            <method name="get_Symbol" signature="()" line-rate="1" branch-rate="1" complexity="1">
              <lines>
                <line number="9" hits="27" branch="False" />
              </lines>
            </method>
            <method name="get_Slug" signature="()" line-rate="1" branch-rate="1" complexity="1">
              <lines>
                <line number="10" hits="27" branch="False" />
              </lines>
            </method>
            <method name="get_LastUpdated" signature="()" line-rate="0" branch-rate="1" complexity="1">
              <lines>
                <line number="13" hits="0" branch="False" />
              </lines>
            </method>
          </methods>
          <lines>
            <line number="7" hits="27" branch="False" />
            <line number="8" hits="27" branch="False" />
            <line number="9" hits="27" branch="False" />
            <line number="10" hits="27" branch="False" />
            <line number="13" hits="0" branch="False" />
          </lines>
        </class>
        <class name="Kernel.Client.Clients.BaseClient" filename="Kernel.Client\Clients\BaseClient.cs" line-rate="0.11109999999999999" branch-rate="0" complexity="15">
          <methods>
            <method name="GetTrending" signature="(System.Threading.CancellationToken)" line-rate="0" branch-rate="1" complexity="1">
              <lines>
                <line number="41" hits="0" branch="False" />
                <line number="42" hits="0" branch="False" />
                <line number="43" hits="0" branch="False" />
              </lines>
            </method>
            <method name="GetGainers" signature="(System.Threading.CancellationToken)" line-rate="0" branch-rate="1" complexity="1">
              <lines>
                <line number="46" hits="0" branch="False" />
                <line number="47" hits="0" branch="False" />
                <line number="48" hits="0" branch="False" />
              </lines>
            </method>
            <method name="GetLosers" signature="(System.Threading.CancellationToken)" line-rate="0" branch-rate="1" complexity="1">
              <lines>
                <line number="51" hits="0" branch="False" />
                <line number="52" hits="0" branch="False" />
                <line number="53" hits="0" branch="False" />
              </lines>
            </method>
            <method name="ParseJson" signature="(System.String)" line-rate="0" branch-rate="0" complexity="6">
              <lines>
                <line number="56" hits="0" branch="False" />
                <line number="57" hits="0" branch="True" condition-coverage="0% (0/6)">
                  <conditions>
                    <condition number="18" type="jump" coverage="0%" />
                    <condition number="35" type="jump" coverage="0%" />
                    <condition number="93" type="jump" coverage="0%" />
                  </conditions>
                </line>
                <line number="58" hits="0" branch="False" />
                <line number="59" hits="0" branch="False" />
              </lines>
            </method>
            <method name=".ctor" signature="()" line-rate="1" branch-rate="1" complexity="1">
              <lines>
                <line number="14" hits="9" branch="False" />
                <line number="15" hits="9" branch="False" />
                <line number="16" hits="9" branch="False" />
                <line number="17" hits="9" branch="False" />
              </lines>
            </method>
            <method name=".ctor" signature="(System.String)" line-rate="0" branch-rate="1" complexity="1">
              <lines>
                <line number="19" hits="0" branch="False" />
                <line number="20" hits="0" branch="False" />
                <line number="21" hits="0" branch="False" />
                <line number="22" hits="0" branch="False" />
                <line number="23" hits="0" branch="False" />
              </lines>
            </method>
            <method name=".ctor" signature="(Kernel.Client.Options.ApiOptions)" line-rate="0" branch-rate="0" complexity="4">
              <lines>
                <line number="25" hits="0" branch="False" />
                <line number="26" hits="0" branch="False" />
                <line number="27" hits="0" branch="False" />
                <line number="28" hits="0" branch="False" />
                <line number="29" hits="0" branch="False" />
                <line number="30" hits="0" branch="False" />
                <line number="31" hits="0" branch="True" condition-coverage="0% (0/2)">
                  <conditions>
                    <condition number="57" type="jump" coverage="0%" />
                  </conditions>
                </line>
                <line number="32" hits="0" branch="True" condition-coverage="0% (0/2)">
                  <conditions>
                    <condition number="131" type="jump" coverage="0%" />
                  </conditions>
                </line>
                <line number="33" hits="0" branch="False" />
                <line number="34" hits="0" branch="False" />
                <line number="35" hits="0" branch="False" />
                <line number="36" hits="0" branch="False" />
                <line number="37" hits="0" branch="False" />
                <line number="38" hits="0" branch="False" />
              </lines>
            </method>
          </methods>
          <lines>
            <line number="41" hits="0" branch="False" />
            <line number="42" hits="0" branch="False" />
            <line number="43" hits="0" branch="False" />
            <line number="46" hits="0" branch="False" />
            <line number="47" hits="0" branch="False" />
            <line number="48" hits="0" branch="False" />
            <line number="51" hits="0" branch="False" />
            <line number="52" hits="0" branch="False" />
            <line number="53" hits="0" branch="False" />
            <line number="56" hits="0" branch="False" />
            <line number="57" hits="0" branch="True" condition-coverage="0% (0/6)">
              <conditions>
                <condition number="18" type="jump" coverage="0%" />
                <condition number="35" type="jump" coverage="0%" />
                <condition number="93" type="jump" coverage="0%" />
              </conditions>
            </line>
            <line number="58" hits="0" branch="False" />
            <line number="59" hits="0" branch="False" />
            <line number="14" hits="9" branch="False" />
            <line number="15" hits="9" branch="False" />
            <line number="16" hits="9" branch="False" />
            <line number="17" hits="9" branch="False" />
            <line number="19" hits="0" branch="False" />
            <line number="20" hits="0" branch="False" />
            <line number="21" hits="0" branch="False" />
            <line number="22" hits="0" branch="False" />
            <line number="23" hits="0" branch="False" />
            <line number="25" hits="0" branch="False" />
            <line number="26" hits="0" branch="False" />
            <line number="27" hits="0" branch="False" />
            <line number="28" hits="0" branch="False" />
            <line number="29" hits="0" branch="False" />
            <line number="30" hits="0" branch="False" />
            <line number="31" hits="0" branch="True" condition-coverage="0% (0/2)">
              <conditions>
                <condition number="57" type="jump" coverage="0%" />
              </conditions>
            </line>
            <line number="32" hits="0" branch="True" condition-coverage="0% (0/2)">
              <conditions>
                <condition number="131" type="jump" coverage="0%" />
              </conditions>
            </line>
            <line number="33" hits="0" branch="False" />
            <line number="34" hits="0" branch="False" />
            <line number="35" hits="0" branch="False" />
            <line number="36" hits="0" branch="False" />
            <line number="37" hits="0" branch="False" />
            <line number="38" hits="0" branch="False" />
          </lines>
        </class>
        <class name="Kernel.Client.Clients.CoinGeckoClient" filename="Kernel.Client\Clients\CoinGeckoClient.cs" line-rate="0" branch-rate="0" complexity="7">
          <methods>
            <method name="ParseJson" signature="(System.String)" line-rate="0" branch-rate="0" complexity="6">
              <lines>
                <line number="26" hits="0" branch="False" />
                <line number="27" hits="0" branch="True" condition-coverage="0% (0/4)">
                  <conditions>
                    <condition number="18" type="jump" coverage="0%" />
                    <condition number="76" type="jump" coverage="0%" />
                  </conditions>
                </line>
                <line number="28" hits="0" branch="True" condition-coverage="0% (0/2)">
                  <conditions>
                    <condition number="12" type="jump" coverage="0%" />
                  </conditions>
                </line>
                <line number="29" hits="0" branch="False" />
                <line number="30" hits="0" branch="False" />
              </lines>
            </method>
            <method name=".ctor" signature="(Microsoft.Extensions.Options.IOptions`1&lt;System.Collections.Generic.Dictionary`2&lt;System.String,Kernel.Client.Options.ApiOptions&gt;&gt;,Microsoft.Extensions.Logging.ILoggerFactory)" line-rate="0" branch-rate="1" complexity="1">
              <lines>
                <line number="13" hits="0" branch="False" />
                <line number="14" hits="0" branch="False" />
                <line number="15" hits="0" branch="False" />
                <line number="16" hits="0" branch="False" />
              </lines>
            </method>
          </methods>
          <lines>
            <line number="26" hits="0" branch="False" />
            <line number="27" hits="0" branch="True" condition-coverage="0% (0/4)">
              <conditions>
                <condition number="18" type="jump" coverage="0%" />
                <condition number="76" type="jump" coverage="0%" />
              </conditions>
            </line>
            <line number="28" hits="0" branch="True" condition-coverage="0% (0/2)">
              <conditions>
                <condition number="12" type="jump" coverage="0%" />
              </conditions>
            </line>
            <line number="29" hits="0" branch="False" />
            <line number="30" hits="0" branch="False" />
            <line number="13" hits="0" branch="False" />
            <line number="14" hits="0" branch="False" />
            <line number="15" hits="0" branch="False" />
            <line number="16" hits="0" branch="False" />
          </lines>
        </class>
        <class name="Kernel.Client.Clients.CoinGeckoClient/&lt;GetTrending&gt;d__2" filename="Kernel.Client\Clients\CoinGeckoClient.cs" line-rate="0" branch-rate="1" complexity="1">
          <methods>
            <method name="MoveNext" signature="()" line-rate="0" branch-rate="1" complexity="1">
              <lines>
                <line number="19" hits="0" branch="False" />
                <line number="20" hits="0" branch="False" />
                <line number="21" hits="0" branch="False" />
                <line number="22" hits="0" branch="False" />
                <line number="23" hits="0" branch="False" />
              </lines>
            </method>
          </methods>
          <lines>
            <line number="19" hits="0" branch="False" />
            <line number="20" hits="0" branch="False" />
            <line number="21" hits="0" branch="False" />
            <line number="22" hits="0" branch="False" />
            <line number="23" hits="0" branch="False" />
          </lines>
        </class>
        <class name="Kernel.Client.Clients.CoinMarketCapClient" filename="Kernel.Client\Clients\CoinMarketCapClient.cs" line-rate="0" branch-rate="1" complexity="1">
          <methods>
            <method name=".ctor" signature="(Microsoft.Extensions.Options.IOptions`1&lt;System.Collections.Generic.Dictionary`2&lt;System.String,Kernel.Client.Options.ApiOptions&gt;&gt;,Microsoft.Extensions.Logging.ILoggerFactory)" line-rate="0" branch-rate="1" complexity="1">
              <lines>
                <line number="14" hits="0" branch="False" />
                <line number="15" hits="0" branch="False" />
                <line number="16" hits="0" branch="False" />
                <line number="17" hits="0" branch="False" />
              </lines>
            </method>
          </methods>
          <lines>
            <line number="14" hits="0" branch="False" />
            <line number="15" hits="0" branch="False" />
            <line number="16" hits="0" branch="False" />
            <line number="17" hits="0" branch="False" />
          </lines>
        </class>
        <class name="Kernel.Client.Clients.CoinMarketCapClient/&lt;GetGainers&gt;d__3" filename="Kernel.Client\Clients\CoinMarketCapClient.cs" line-rate="0" branch-rate="1" complexity="1">
          <methods>
            <method name="MoveNext" signature="()" line-rate="0" branch-rate="1" complexity="1">
              <lines>
                <line number="32" hits="0" branch="False" />
                <line number="33" hits="0" branch="False" />
                <line number="34" hits="0" branch="False" />
                <line number="35" hits="0" branch="False" />
                <line number="36" hits="0" branch="False" />
                <line number="37" hits="0" branch="False" />
                <line number="38" hits="0" branch="False" />
                <line number="39" hits="0" branch="False" />
                <line number="40" hits="0" branch="False" />
                <line number="41" hits="0" branch="False" />
                <line number="42" hits="0" branch="False" />
              </lines>
            </method>
          </methods>
          <lines>
            <line number="32" hits="0" branch="False" />
            <line number="33" hits="0" branch="False" />
            <line number="34" hits="0" branch="False" />
            <line number="35" hits="0" branch="False" />
            <line number="36" hits="0" branch="False" />
            <line number="37" hits="0" branch="False" />
            <line number="38" hits="0" branch="False" />
            <line number="39" hits="0" branch="False" />
            <line number="40" hits="0" branch="False" />
            <line number="41" hits="0" branch="False" />
            <line number="42" hits="0" branch="False" />
          </lines>
        </class>
        <class name="Kernel.Client.Clients.CoinMarketCapClient/&lt;GetLosers&gt;d__4" filename="Kernel.Client\Clients\CoinMarketCapClient.cs" line-rate="0" branch-rate="1" complexity="1">
          <methods>
            <method name="MoveNext" signature="()" line-rate="0" branch-rate="1" complexity="1">
              <lines>
                <line number="45" hits="0" branch="False" />
                <line number="46" hits="0" branch="False" />
                <line number="47" hits="0" branch="False" />
                <line number="48" hits="0" branch="False" />
                <line number="49" hits="0" branch="False" />
                <line number="50" hits="0" branch="False" />
                <line number="51" hits="0" branch="False" />
                <line number="52" hits="0" branch="False" />
                <line number="53" hits="0" branch="False" />
                <line number="54" hits="0" branch="False" />
                <line number="55" hits="0" branch="False" />
              </lines>
            </method>
          </methods>
          <lines>
            <line number="45" hits="0" branch="False" />
            <line number="46" hits="0" branch="False" />
            <line number="47" hits="0" branch="False" />
            <line number="48" hits="0" branch="False" />
            <line number="49" hits="0" branch="False" />
            <line number="50" hits="0" branch="False" />
            <line number="51" hits="0" branch="False" />
            <line number="52" hits="0" branch="False" />
            <line number="53" hits="0" branch="False" />
            <line number="54" hits="0" branch="False" />
            <line number="55" hits="0" branch="False" />
          </lines>
        </class>
        <class name="Kernel.Client.Clients.CoinMarketCapClient/&lt;GetTrending&gt;d__2" filename="Kernel.Client\Clients\CoinMarketCapClient.cs" line-rate="0" branch-rate="1" complexity="1">
          <methods>
            <method name="MoveNext" signature="()" line-rate="0" branch-rate="1" complexity="1">
              <lines>
                <line number="20" hits="0" branch="False" />
                <line number="21" hits="0" branch="False" />
                <line number="22" hits="0" branch="False" />
                <line number="23" hits="0" branch="False" />
                <line number="24" hits="0" branch="False" />
                <line number="25" hits="0" branch="False" />
                <line number="26" hits="0" branch="False" />
                <line number="27" hits="0" branch="False" />
                <line number="28" hits="0" branch="False" />
                <line number="29" hits="0" branch="False" />
              </lines>
            </method>
          </methods>
          <lines>
            <line number="20" hits="0" branch="False" />
            <line number="21" hits="0" branch="False" />
            <line number="22" hits="0" branch="False" />
            <line number="23" hits="0" branch="False" />
            <line number="24" hits="0" branch="False" />
            <line number="25" hits="0" branch="False" />
            <line number="26" hits="0" branch="False" />
            <line number="27" hits="0" branch="False" />
            <line number="28" hits="0" branch="False" />
            <line number="29" hits="0" branch="False" />
          </lines>
        </class>
        <class name="Kernel.Client.Clients.MarketClient" filename="Kernel.Client\Clients\MarketClient.cs" line-rate="0" branch-rate="1" complexity="1">
          <methods>
            <method name=".ctor" signature="(Microsoft.Extensions.Options.IOptions`1&lt;Kernel.Client.Options.BinanceApiOptions&gt;,Microsoft.Extensions.Logging.ILoggerFactory)" line-rate="0" branch-rate="1" complexity="1">
              <lines>
                <line number="14" hits="0" branch="False" />
                <line number="15" hits="0" branch="False" />
                <line number="16" hits="0" branch="False" />
                <line number="17" hits="0" branch="False" />
                <line number="18" hits="0" branch="False" />
                <line number="19" hits="0" branch="False" />
                <line number="20" hits="0" branch="False" />
                <line number="21" hits="0" branch="False" />
              </lines>
            </method>
          </methods>
          <lines>
            <line number="14" hits="0" branch="False" />
            <line number="15" hits="0" branch="False" />
            <line number="16" hits="0" branch="False" />
            <line number="17" hits="0" branch="False" />
            <line number="18" hits="0" branch="False" />
            <line number="19" hits="0" branch="False" />
            <line number="20" hits="0" branch="False" />
            <line number="21" hits="0" branch="False" />
          </lines>
        </class>
        <class name="Kernel.Client.Clients.MarketClient/&lt;GetSymbolPriceTicker&gt;d__3" filename="Kernel.Client\Clients\MarketClient.cs" line-rate="0" branch-rate="1" complexity="1">
          <methods>
            <method name="MoveNext" signature="()" line-rate="0" branch-rate="1" complexity="1">
              <lines>
                <line number="24" hits="0" branch="False" />
                <line number="25" hits="0" branch="False" />
                <line number="26" hits="0" branch="False" />
                <line number="27" hits="0" branch="False" />
              </lines>
            </method>
          </methods>
          <lines>
            <line number="24" hits="0" branch="False" />
            <line number="25" hits="0" branch="False" />
            <line number="26" hits="0" branch="False" />
            <line number="27" hits="0" branch="False" />
          </lines>
        </class>
        <class name="Kernel.Client.Clients.SpotAccountTradeClient" filename="Kernel.Client\Clients\SpotAccountTradeClient.cs" line-rate="0" branch-rate="1" complexity="1">
          <methods>
            <method name=".ctor" signature="(Microsoft.Extensions.Options.IOptions`1&lt;Kernel.Client.Options.BinanceApiOptions&gt;,Microsoft.Extensions.Logging.ILoggerFactory)" line-rate="0" branch-rate="1" complexity="1">
              <lines>
                <line number="14" hits="0" branch="False" />
                <line number="15" hits="0" branch="False" />
                <line number="16" hits="0" branch="False" />
                <line number="17" hits="0" branch="False" />
                <line number="18" hits="0" branch="False" />
                <line number="19" hits="0" branch="False" />
                <line number="20" hits="0" branch="False" />
                <line number="21" hits="0" branch="False" />
              </lines>
            </method>
          </methods>
          <lines>
            <line number="14" hits="0" branch="False" />
            <line number="15" hits="0" branch="False" />
            <line number="16" hits="0" branch="False" />
            <line number="17" hits="0" branch="False" />
            <line number="18" hits="0" branch="False" />
            <line number="19" hits="0" branch="False" />
            <line number="20" hits="0" branch="False" />
            <line number="21" hits="0" branch="False" />
          </lines>
        </class>
        <class name="Kernel.Client.Clients.SpotAccountTradeClient/&lt;AllOrders&gt;d__4" filename="Kernel.Client\Clients\SpotAccountTradeClient.cs" line-rate="0" branch-rate="1" complexity="1">
          <methods>
            <method name="MoveNext" signature="()" line-rate="0" branch-rate="1" complexity="1">
              <lines>
                <line number="30" hits="0" branch="False" />
                <line number="31" hits="0" branch="False" />
                <line number="32" hits="0" branch="False" />
                <line number="33" hits="0" branch="False" />
              </lines>
            </method>
          </methods>
          <lines>
            <line number="30" hits="0" branch="False" />
            <line number="31" hits="0" branch="False" />
            <line number="32" hits="0" branch="False" />
            <line number="33" hits="0" branch="False" />
          </lines>
        </class>
        <class name="Kernel.Client.Clients.SpotAccountTradeClient/&lt;CurrentOpenOrders&gt;d__5" filename="Kernel.Client\Clients\SpotAccountTradeClient.cs" line-rate="0" branch-rate="1" complexity="1">
          <methods>
            <method name="MoveNext" signature="()" line-rate="0" branch-rate="1" complexity="1">
              <lines>
                <line number="36" hits="0" branch="False" />
                <line number="37" hits="0" branch="False" />
                <line number="38" hits="0" branch="False" />
                <line number="39" hits="0" branch="False" />
              </lines>
            </method>
          </methods>
          <lines>
            <line number="36" hits="0" branch="False" />
            <line number="37" hits="0" branch="False" />
            <line number="38" hits="0" branch="False" />
            <line number="39" hits="0" branch="False" />
          </lines>
        </class>
        <class name="Kernel.Client.Clients.SpotAccountTradeClient/&lt;NewOrder&gt;d__3" filename="Kernel.Client\Clients\SpotAccountTradeClient.cs" line-rate="0" branch-rate="1" complexity="1">
          <methods>
            <method name="MoveNext" signature="()" line-rate="0" branch-rate="1" complexity="1">
              <lines>
                <line number="24" hits="0" branch="False" />
                <line number="25" hits="0" branch="False" />
                <line number="26" hits="0" branch="False" />
                <line number="27" hits="0" branch="False" />
              </lines>
            </method>
          </methods>
          <lines>
            <line number="24" hits="0" branch="False" />
            <line number="25" hits="0" branch="False" />
            <line number="26" hits="0" branch="False" />
            <line number="27" hits="0" branch="False" />
          </lines>
        </class>
        <class name="Kernel.Client.Clients.WalletClient" filename="Kernel.Client\Clients\WalletClient.cs" line-rate="0" branch-rate="1" complexity="1">
          <methods>
            <method name=".ctor" signature="(Microsoft.Extensions.Options.IOptions`1&lt;Kernel.Client.Options.BinanceApiOptions&gt;,Microsoft.Extensions.Logging.ILoggerFactory)" line-rate="0" branch-rate="1" complexity="1">
              <lines>
                <line number="13" hits="0" branch="False" />
                <line number="14" hits="0" branch="False" />
                <line number="15" hits="0" branch="False" />
                <line number="16" hits="0" branch="False" />
                <line number="17" hits="0" branch="False" />
                <line number="18" hits="0" branch="False" />
                <line number="19" hits="0" branch="False" />
              </lines>
            </method>
          </methods>
          <lines>
            <line number="13" hits="0" branch="False" />
            <line number="14" hits="0" branch="False" />
            <line number="15" hits="0" branch="False" />
            <line number="16" hits="0" branch="False" />
            <line number="17" hits="0" branch="False" />
            <line number="18" hits="0" branch="False" />
            <line number="19" hits="0" branch="False" />
          </lines>
        </class>
        <class name="Kernel.Client.Clients.WalletClient/&lt;GetCapitalInfo&gt;d__2" filename="Kernel.Client\Clients\WalletClient.cs" line-rate="0" branch-rate="1" complexity="1">
          <methods>
            <method name="MoveNext" signature="()" line-rate="0" branch-rate="1" complexity="1">
              <lines>
                <line number="22" hits="0" branch="False" />
                <line number="23" hits="0" branch="False" />
                <line number="24" hits="0" branch="False" />
                <line number="25" hits="0" branch="False" />
              </lines>
            </method>
          </methods>
          <lines>
            <line number="22" hits="0" branch="False" />
            <line number="23" hits="0" branch="False" />
            <line number="24" hits="0" branch="False" />
            <line number="25" hits="0" branch="False" />
          </lines>
        </class>
        <class name="Kernel.Client.Clients.WalletClient/&lt;Withdraw&gt;d__3" filename="Kernel.Client\Clients\WalletClient.cs" line-rate="0" branch-rate="1" complexity="1">
          <methods>
            <method name="MoveNext" signature="()" line-rate="0" branch-rate="1" complexity="1">
              <lines>
                <line number="28" hits="0" branch="False" />
                <line number="29" hits="0" branch="False" />
                <line number="30" hits="0" branch="False" />
                <line number="31" hits="0" branch="False" />
              </lines>
            </method>
          </methods>
          <lines>
            <line number="28" hits="0" branch="False" />
            <line number="29" hits="0" branch="False" />
            <line number="30" hits="0" branch="False" />
            <line number="31" hits="0" branch="False" />
          </lines>
        </class>
        <class name="Kernel.Client.Clients.Cached.Cached`1" filename="Kernel.Client\Clients\Cached\Cached.cs" line-rate="0" branch-rate="1" complexity="1">
          <methods>
            <method name="get_Value" signature="()" line-rate="0" branch-rate="1" complexity="1">
              <lines>
                <line number="3" hits="0" branch="False" />
              </lines>
            </method>
          </methods>
          <lines>
            <line number="3" hits="0" branch="False" />
          </lines>
        </class>
        <class name="Kernel.Client.Clients.Cached.CashedClient" filename="Kernel.Client\Clients\Cached\CashedClient.cs" line-rate="0" branch-rate="1" complexity="1">
          <methods>
            <method name=".ctor" signature="(Microsoft.Extensions.Caching.Memory.IMemoryCache,Kernel.Client.Clients.BaseClient)" line-rate="0" branch-rate="1" complexity="1">
              <lines>
                <line number="12" hits="0" branch="False" />
                <line number="13" hits="0" branch="False" />
                <line number="14" hits="0" branch="False" />
                <line number="15" hits="0" branch="False" />
                <line number="16" hits="0" branch="False" />
              </lines>
            </method>
          </methods>
          <lines>
            <line number="12" hits="0" branch="False" />
            <line number="13" hits="0" branch="False" />
            <line number="14" hits="0" branch="False" />
            <line number="15" hits="0" branch="False" />
            <line number="16" hits="0" branch="False" />
          </lines>
        </class>
        <class name="Kernel.Client.Clients.Cached.CashedClient/&lt;GetTrending&gt;d__3" filename="Kernel.Client\Clients\Cached\CashedClient.cs" line-rate="0" branch-rate="0" complexity="4">
          <methods>
            <method name="MoveNext" signature="()" line-rate="0" branch-rate="0" complexity="4">
              <lines>
                <line number="19" hits="0" branch="False" />
                <line number="20" hits="0" branch="False" />
                <line number="22" hits="0" branch="True" condition-coverage="0% (0/4)">
                  <conditions>
                    <condition number="83" type="jump" coverage="0%" />
                    <condition number="114" type="jump" coverage="0%" />
                  </conditions>
                </line>
                <line number="23" hits="0" branch="False" />
                <line number="24" hits="0" branch="False" />
                <line number="27" hits="0" branch="False" />
                <line number="28" hits="0" branch="False" />
                <line number="29" hits="0" branch="False" />
                <line number="31" hits="0" branch="False" />
              </lines>
            </method>
          </methods>
          <lines>
            <line number="19" hits="0" branch="False" />
            <line number="20" hits="0" branch="False" />
            <line number="22" hits="0" branch="True" condition-coverage="0% (0/4)">
              <conditions>
                <condition number="83" type="jump" coverage="0%" />
                <condition number="114" type="jump" coverage="0%" />
              </conditions>
            </line>
            <line number="23" hits="0" branch="False" />
            <line number="24" hits="0" branch="False" />
            <line number="27" hits="0" branch="False" />
            <line number="28" hits="0" branch="False" />
            <line number="29" hits="0" branch="False" />
            <line number="31" hits="0" branch="False" />
          </lines>
        </class>
      </classes>
    </package>
    <package name="Kernel.Common" line-rate="0" branch-rate="0" complexity="6">
      <classes>
        <class name="Kernel.Common.Extensions.DateExt" filename="Kernel.Common\Extensions\DateExt.cs" line-rate="0" branch-rate="1" complexity="1">
          <methods>
            <method name="IsExpired" signature="(System.DateTime,System.DateTime)" line-rate="0" branch-rate="1" complexity="1">
              <lines>
                <line number="6" hits="0" branch="False" />
                <line number="7" hits="0" branch="False" />
                <line number="8" hits="0" branch="False" />
              </lines>
            </method>
          </methods>
          <lines>
            <line number="6" hits="0" branch="False" />
            <line number="7" hits="0" branch="False" />
            <line number="8" hits="0" branch="False" />
          </lines>
        </class>
        <class name="Kernel.Common.Extensions.StringExt" filename="Kernel.Common\Extensions\StringExt.cs" line-rate="0" branch-rate="0" complexity="4">
          <methods>
            <method name="ToFormattedJson" signature="(System.String)" line-rate="0" branch-rate="0" complexity="4">
              <lines>
                <line number="8" hits="0" branch="False" />
                <line number="9" hits="0" branch="False" />
                <line number="10" hits="0" branch="True" condition-coverage="0% (0/4)">
                  <conditions>
                    <condition number="13" type="jump" coverage="0%" />
                    <condition number="73" type="jump" coverage="0%" />
                  </conditions>
                </line>
                <line number="11" hits="0" branch="False" />
              </lines>
            </method>
          </methods>
          <lines>
            <line number="8" hits="0" branch="False" />
            <line number="9" hits="0" branch="False" />
            <line number="10" hits="0" branch="True" condition-coverage="0% (0/4)">
              <conditions>
                <condition number="13" type="jump" coverage="0%" />
                <condition number="73" type="jump" coverage="0%" />
              </conditions>
            </line>
            <line number="11" hits="0" branch="False" />
          </lines>
        </class>
        <class name="Kernel.Common.Bot.BotKeyboards" filename="Kernel.Common\Bot\BotKeyboards.cs" line-rate="0" branch-rate="1" complexity="1">
          <methods>
            <method name="get_Return" signature="()" line-rate="0" branch-rate="1" complexity="1">
              <lines>
                <line number="7" hits="0" branch="False" />
              </lines>
            </method>
          </methods>
          <lines>
            <line number="7" hits="0" branch="False" />
          </lines>
        </class>
      </classes>
    </package>
    <package name="Kernel.Data" line-rate="0.18230000000000002" branch-rate="0.1666" complexity="45">
      <classes>
        <class name="Kernel.Data.AppExtensions" filename="Kernel.Data\AppExtensions.cs" line-rate="0" branch-rate="1" complexity="1">
          <methods>
            <method name="AddKernelData" signature="(Microsoft.Extensions.DependencyInjection.IServiceCollection,Microsoft.Extensions.Configuration.IConfiguration)" line-rate="0" branch-rate="1" complexity="1">
              <lines>
                <line number="13" hits="0" branch="False" />
                <line number="14" hits="0" branch="False" />
                <line number="15" hits="0" branch="False" />
                <line number="16" hits="0" branch="False" />
                <line number="17" hits="0" branch="False" />
              </lines>
            </method>
          </methods>
          <lines>
            <line number="13" hits="0" branch="False" />
            <line number="14" hits="0" branch="False" />
            <line number="15" hits="0" branch="False" />
            <line number="16" hits="0" branch="False" />
            <line number="17" hits="0" branch="False" />
          </lines>
        </class>
        <class name="Kernel.Data.DataDbContext" filename="Kernel.Data\DataDbContext.cs" line-rate="0.21420000000000003" branch-rate="1" complexity="5">
          <methods>
            <method name="get_Users" signature="()" line-rate="0" branch-rate="1" complexity="1">
              <lines>
                <line number="16" hits="0" branch="False" />
              </lines>
            </method>
            <method name="get_Alerts" signature="()" line-rate="0" branch-rate="1" complexity="1">
              <lines>
                <line number="17" hits="0" branch="False" />
              </lines>
            </method>
            <method name="OnModelCreating" signature="(Microsoft.EntityFrameworkCore.ModelBuilder)" line-rate="0" branch-rate="1" complexity="1">
              <lines>
                <line number="20" hits="0" branch="False" />
                <line number="21" hits="0" branch="False" />
                <line number="22" hits="0" branch="False" />
                <line number="23" hits="0" branch="False" />
                <line number="24" hits="0" branch="False" />
                <line number="25" hits="0" branch="False" />
              </lines>
            </method>
            <method name=".ctor" signature="()" line-rate="1" branch-rate="1" complexity="1">
              <lines>
                <line number="8" hits="9" branch="False" />
                <line number="9" hits="9" branch="False" />
                <line number="10" hits="9" branch="False" />
              </lines>
            </method>
            <method name=".ctor" signature="(Microsoft.EntityFrameworkCore.DbContextOptions`1&lt;Kernel.Data.DataDbContext&gt;)" line-rate="0" branch-rate="1" complexity="1">
              <lines>
                <line number="12" hits="0" branch="False" />
                <line number="13" hits="0" branch="False" />
                <line number="14" hits="0" branch="False" />
              </lines>
            </method>
          </methods>
          <lines>
            <line number="16" hits="0" branch="False" />
            <line number="17" hits="0" branch="False" />
            <line number="20" hits="0" branch="False" />
            <line number="21" hits="0" branch="False" />
            <line number="22" hits="0" branch="False" />
            <line number="23" hits="0" branch="False" />
            <line number="24" hits="0" branch="False" />
            <line number="25" hits="0" branch="False" />
            <line number="8" hits="9" branch="False" />
            <line number="9" hits="9" branch="False" />
            <line number="10" hits="9" branch="False" />
            <line number="12" hits="0" branch="False" />
            <line number="13" hits="0" branch="False" />
            <line number="14" hits="0" branch="False" />
          </lines>
        </class>
        <class name="Kernel.Data.Specifications.User.HasChatId" filename="Kernel.Data\Specifications\User\HasChatId.cs" line-rate="0" branch-rate="1" complexity="2">
          <methods>
            <method name="get_ChatId" signature="()" line-rate="0" branch-rate="1" complexity="1">
              <lines>
                <line number="5" hits="0" branch="False" />
              </lines>
            </method>
            <method name=".ctor" signature="(System.Int64)" line-rate="0" branch-rate="1" complexity="1">
              <lines>
                <line number="6" hits="0" branch="False" />
                <line number="7" hits="0" branch="False" />
                <line number="8" hits="0" branch="False" />
                <line number="9" hits="0" branch="False" />
                <line number="10" hits="0" branch="False" />
                <line number="11" hits="0" branch="False" />
                <line number="12" hits="0" branch="False" />
              </lines>
            </method>
          </methods>
          <lines>
            <line number="5" hits="0" branch="False" />
            <line number="6" hits="0" branch="False" />
            <line number="7" hits="0" branch="False" />
            <line number="8" hits="0" branch="False" />
            <line number="9" hits="0" branch="False" />
            <line number="10" hits="0" branch="False" />
            <line number="11" hits="0" branch="False" />
            <line number="12" hits="0" branch="False" />
          </lines>
        </class>
        <class name="Kernel.Data.Migrations.Initial" filename="Kernel.Data\Migrations\20220611191001_Initial.cs" line-rate="0" branch-rate="1" complexity="2">
          <methods>
            <method name="Up" signature="(Microsoft.EntityFrameworkCore.Migrations.MigrationBuilder)" line-rate="0" branch-rate="1" complexity="1">
              <lines>
                <line number="11" hits="0" branch="False" />
                <line number="12" hits="0" branch="False" />
                <line number="13" hits="0" branch="False" />
                <line number="14" hits="0" branch="False" />
                <line number="15" hits="0" branch="False" />
                <line number="16" hits="0" branch="False" />
                <line number="17" hits="0" branch="False" />
                <line number="18" hits="0" branch="False" />
                <line number="19" hits="0" branch="False" />
                <line number="20" hits="0" branch="False" />
                <line number="21" hits="0" branch="False" />
                <line number="22" hits="0" branch="False" />
                <line number="23" hits="0" branch="False" />
                <line number="24" hits="0" branch="False" />
                <line number="25" hits="0" branch="False" />
                <line number="26" hits="0" branch="False" />
                <line number="27" hits="0" branch="False" />
                <line number="28" hits="0" branch="False" />
                <line number="30" hits="0" branch="False" />
                <line number="31" hits="0" branch="False" />
                <line number="32" hits="0" branch="False" />
                <line number="33" hits="0" branch="False" />
                <line number="34" hits="0" branch="False" />
                <line number="35" hits="0" branch="False" />
                <line number="36" hits="0" branch="False" />
                <line number="37" hits="0" branch="False" />
                <line number="38" hits="0" branch="False" />
                <line number="39" hits="0" branch="False" />
                <line number="40" hits="0" branch="False" />
                <line number="41" hits="0" branch="False" />
                <line number="42" hits="0" branch="False" />
                <line number="43" hits="0" branch="False" />
                <line number="44" hits="0" branch="False" />
                <line number="45" hits="0" branch="False" />
                <line number="46" hits="0" branch="False" />
                <line number="47" hits="0" branch="False" />
                <line number="48" hits="0" branch="False" />
                <line number="49" hits="0" branch="False" />
                <line number="50" hits="0" branch="False" />
                <line number="51" hits="0" branch="False" />
                <line number="52" hits="0" branch="False" />
                <line number="54" hits="0" branch="False" />
                <line number="55" hits="0" branch="False" />
                <line number="56" hits="0" branch="False" />
                <line number="57" hits="0" branch="False" />
                <line number="58" hits="0" branch="False" />
              </lines>
            </method>
            <method name="Down" signature="(Microsoft.EntityFrameworkCore.Migrations.MigrationBuilder)" line-rate="0" branch-rate="1" complexity="1">
              <lines>
                <line number="61" hits="0" branch="False" />
                <line number="62" hits="0" branch="False" />
                <line number="63" hits="0" branch="False" />
                <line number="65" hits="0" branch="False" />
                <line number="66" hits="0" branch="False" />
                <line number="67" hits="0" branch="False" />
              </lines>
            </method>
          </methods>
          <lines>
            <line number="11" hits="0" branch="False" />
            <line number="12" hits="0" branch="False" />
            <line number="13" hits="0" branch="False" />
            <line number="14" hits="0" branch="False" />
            <line number="15" hits="0" branch="False" />
            <line number="16" hits="0" branch="False" />
            <line number="17" hits="0" branch="False" />
            <line number="18" hits="0" branch="False" />
            <line number="19" hits="0" branch="False" />
            <line number="20" hits="0" branch="False" />
            <line number="21" hits="0" branch="False" />
            <line number="22" hits="0" branch="False" />
            <line number="23" hits="0" branch="False" />
            <line number="24" hits="0" branch="False" />
            <line number="25" hits="0" branch="False" />
            <line number="26" hits="0" branch="False" />
            <line number="27" hits="0" branch="False" />
            <line number="28" hits="0" branch="False" />
            <line number="30" hits="0" branch="False" />
            <line number="31" hits="0" branch="False" />
            <line number="32" hits="0" branch="False" />
            <line number="33" hits="0" branch="False" />
            <line number="34" hits="0" branch="False" />
            <line number="35" hits="0" branch="False" />
            <line number="36" hits="0" branch="False" />
            <line number="37" hits="0" branch="False" />
            <line number="38" hits="0" branch="False" />
            <line number="39" hits="0" branch="False" />
            <line number="40" hits="0" branch="False" />
            <line number="41" hits="0" branch="False" />
            <line number="42" hits="0" branch="False" />
            <line number="43" hits="0" branch="False" />
            <line number="44" hits="0" branch="False" />
            <line number="45" hits="0" branch="False" />
            <line number="46" hits="0" branch="False" />
            <line number="47" hits="0" branch="False" />
            <line number="48" hits="0" branch="False" />
            <line number="49" hits="0" branch="False" />
            <line number="50" hits="0" branch="False" />
            <line number="51" hits="0" branch="False" />
            <line number="52" hits="0" branch="False" />
            <line number="54" hits="0" branch="False" />
            <line number="55" hits="0" branch="False" />
            <line number="56" hits="0" branch="False" />
            <line number="57" hits="0" branch="False" />
            <line number="58" hits="0" branch="False" />
            <line number="61" hits="0" branch="False" />
            <line number="62" hits="0" branch="False" />
            <line number="63" hits="0" branch="False" />
            <line number="65" hits="0" branch="False" />
            <line number="66" hits="0" branch="False" />
            <line number="67" hits="0" branch="False" />
          </lines>
        </class>
        <class name="Kernel.Data.Migrations.Initial" filename="Kernel.Data\Migrations\20220611191001_Initial.Designer.cs" line-rate="0" branch-rate="1" complexity="1">
          <methods>
            <method name="BuildTargetModel" signature="(Microsoft.EntityFrameworkCore.ModelBuilder)" line-rate="0" branch-rate="1" complexity="1">
              <lines>
                <line number="19" hits="0" branch="False" />
                <line number="21" hits="0" branch="False" />
                <line number="22" hits="0" branch="False" />
                <line number="23" hits="0" branch="False" />
                <line number="25" hits="0" branch="False" />
                <line number="27" hits="0" branch="False" />
                <line number="28" hits="0" branch="False" />
                <line number="29" hits="0" branch="False" />
                <line number="30" hits="0" branch="False" />
                <line number="31" hits="0" branch="False" />
                <line number="32" hits="0" branch="False" />
                <line number="33" hits="0" branch="False" />
                <line number="34" hits="0" branch="False" />
                <line number="35" hits="0" branch="False" />
                <line number="36" hits="0" branch="False" />
                <line number="37" hits="0" branch="False" />
                <line number="38" hits="0" branch="False" />
                <line number="39" hits="0" branch="False" />
                <line number="40" hits="0" branch="False" />
                <line number="41" hits="0" branch="False" />
                <line number="42" hits="0" branch="False" />
                <line number="43" hits="0" branch="False" />
                <line number="44" hits="0" branch="False" />
                <line number="45" hits="0" branch="False" />
                <line number="46" hits="0" branch="False" />
                <line number="47" hits="0" branch="False" />
                <line number="48" hits="0" branch="False" />
                <line number="49" hits="0" branch="False" />
                <line number="50" hits="0" branch="False" />
                <line number="51" hits="0" branch="False" />
                <line number="52" hits="0" branch="False" />
                <line number="53" hits="0" branch="False" />
                <line number="54" hits="0" branch="False" />
                <line number="55" hits="0" branch="False" />
                <line number="56" hits="0" branch="False" />
                <line number="57" hits="0" branch="False" />
                <line number="58" hits="0" branch="False" />
                <line number="59" hits="0" branch="False" />
                <line number="60" hits="0" branch="False" />
                <line number="61" hits="0" branch="False" />
                <line number="63" hits="0" branch="False" />
                <line number="64" hits="0" branch="False" />
                <line number="65" hits="0" branch="False" />
                <line number="66" hits="0" branch="False" />
                <line number="67" hits="0" branch="False" />
                <line number="68" hits="0" branch="False" />
                <line number="69" hits="0" branch="False" />
                <line number="70" hits="0" branch="False" />
                <line number="71" hits="0" branch="False" />
                <line number="72" hits="0" branch="False" />
                <line number="73" hits="0" branch="False" />
                <line number="74" hits="0" branch="False" />
                <line number="75" hits="0" branch="False" />
                <line number="76" hits="0" branch="False" />
                <line number="77" hits="0" branch="False" />
                <line number="78" hits="0" branch="False" />
                <line number="79" hits="0" branch="False" />
                <line number="80" hits="0" branch="False" />
                <line number="81" hits="0" branch="False" />
                <line number="82" hits="0" branch="False" />
                <line number="83" hits="0" branch="False" />
                <line number="84" hits="0" branch="False" />
                <line number="85" hits="0" branch="False" />
                <line number="86" hits="0" branch="False" />
                <line number="87" hits="0" branch="False" />
                <line number="88" hits="0" branch="False" />
                <line number="89" hits="0" branch="False" />
                <line number="90" hits="0" branch="False" />
                <line number="91" hits="0" branch="False" />
                <line number="92" hits="0" branch="False" />
                <line number="94" hits="0" branch="False" />
                <line number="95" hits="0" branch="False" />
                <line number="96" hits="0" branch="False" />
                <line number="97" hits="0" branch="False" />
                <line number="98" hits="0" branch="False" />
                <line number="99" hits="0" branch="False" />
                <line number="100" hits="0" branch="False" />
                <line number="101" hits="0" branch="False" />
                <line number="103" hits="0" branch="False" />
              </lines>
            </method>
          </methods>
          <lines>
            <line number="19" hits="0" branch="False" />
            <line number="21" hits="0" branch="False" />
            <line number="22" hits="0" branch="False" />
            <line number="23" hits="0" branch="False" />
            <line number="25" hits="0" branch="False" />
            <line number="27" hits="0" branch="False" />
            <line number="28" hits="0" branch="False" />
            <line number="29" hits="0" branch="False" />
            <line number="30" hits="0" branch="False" />
            <line number="31" hits="0" branch="False" />
            <line number="32" hits="0" branch="False" />
            <line number="33" hits="0" branch="False" />
            <line number="34" hits="0" branch="False" />
            <line number="35" hits="0" branch="False" />
            <line number="36" hits="0" branch="False" />
            <line number="37" hits="0" branch="False" />
            <line number="38" hits="0" branch="False" />
            <line number="39" hits="0" branch="False" />
            <line number="40" hits="0" branch="False" />
            <line number="41" hits="0" branch="False" />
            <line number="42" hits="0" branch="False" />
            <line number="43" hits="0" branch="False" />
            <line number="44" hits="0" branch="False" />
            <line number="45" hits="0" branch="False" />
            <line number="46" hits="0" branch="False" />
            <line number="47" hits="0" branch="False" />
            <line number="48" hits="0" branch="False" />
            <line number="49" hits="0" branch="False" />
            <line number="50" hits="0" branch="False" />
            <line number="51" hits="0" branch="False" />
            <line number="52" hits="0" branch="False" />
            <line number="53" hits="0" branch="False" />
            <line number="54" hits="0" branch="False" />
            <line number="55" hits="0" branch="False" />
            <line number="56" hits="0" branch="False" />
            <line number="57" hits="0" branch="False" />
            <line number="58" hits="0" branch="False" />
            <line number="59" hits="0" branch="False" />
            <line number="60" hits="0" branch="False" />
            <line number="61" hits="0" branch="False" />
            <line number="63" hits="0" branch="False" />
            <line number="64" hits="0" branch="False" />
            <line number="65" hits="0" branch="False" />
            <line number="66" hits="0" branch="False" />
            <line number="67" hits="0" branch="False" />
            <line number="68" hits="0" branch="False" />
            <line number="69" hits="0" branch="False" />
            <line number="70" hits="0" branch="False" />
            <line number="71" hits="0" branch="False" />
            <line number="72" hits="0" branch="False" />
            <line number="73" hits="0" branch="False" />
            <line number="74" hits="0" branch="False" />
            <line number="75" hits="0" branch="False" />
            <line number="76" hits="0" branch="False" />
            <line number="77" hits="0" branch="False" />
            <line number="78" hits="0" branch="False" />
            <line number="79" hits="0" branch="False" />
            <line number="80" hits="0" branch="False" />
            <line number="81" hits="0" branch="False" />
            <line number="82" hits="0" branch="False" />
            <line number="83" hits="0" branch="False" />
            <line number="84" hits="0" branch="False" />
            <line number="85" hits="0" branch="False" />
            <line number="86" hits="0" branch="False" />
            <line number="87" hits="0" branch="False" />
            <line number="88" hits="0" branch="False" />
            <line number="89" hits="0" branch="False" />
            <line number="90" hits="0" branch="False" />
            <line number="91" hits="0" branch="False" />
            <line number="92" hits="0" branch="False" />
            <line number="94" hits="0" branch="False" />
            <line number="95" hits="0" branch="False" />
            <line number="96" hits="0" branch="False" />
            <line number="97" hits="0" branch="False" />
            <line number="98" hits="0" branch="False" />
            <line number="99" hits="0" branch="False" />
            <line number="100" hits="0" branch="False" />
            <line number="101" hits="0" branch="False" />
            <line number="103" hits="0" branch="False" />
          </lines>
        </class>
        <class name="Kernel.Data.Migrations.DataDbContextModelSnapshot" filename="Kernel.Data\Migrations\DataDbContextModelSnapshot.cs" line-rate="0" branch-rate="1" complexity="1">
          <methods>
            <method name="BuildModel" signature="(Microsoft.EntityFrameworkCore.ModelBuilder)" line-rate="0" branch-rate="1" complexity="1">
              <lines>
                <line number="17" hits="0" branch="False" />
                <line number="19" hits="0" branch="False" />
                <line number="20" hits="0" branch="False" />
                <line number="21" hits="0" branch="False" />
                <line number="23" hits="0" branch="False" />
                <line number="25" hits="0" branch="False" />
                <line number="26" hits="0" branch="False" />
                <line number="27" hits="0" branch="False" />
                <line number="28" hits="0" branch="False" />
                <line number="29" hits="0" branch="False" />
                <line number="30" hits="0" branch="False" />
                <line number="31" hits="0" branch="False" />
                <line number="32" hits="0" branch="False" />
                <line number="33" hits="0" branch="False" />
                <line number="34" hits="0" branch="False" />
                <line number="35" hits="0" branch="False" />
                <line number="36" hits="0" branch="False" />
                <line number="37" hits="0" branch="False" />
                <line number="38" hits="0" branch="False" />
                <line number="39" hits="0" branch="False" />
                <line number="40" hits="0" branch="False" />
                <line number="41" hits="0" branch="False" />
                <line number="42" hits="0" branch="False" />
                <line number="43" hits="0" branch="False" />
                <line number="44" hits="0" branch="False" />
                <line number="45" hits="0" branch="False" />
                <line number="46" hits="0" branch="False" />
                <line number="47" hits="0" branch="False" />
                <line number="48" hits="0" branch="False" />
                <line number="49" hits="0" branch="False" />
                <line number="50" hits="0" branch="False" />
                <line number="51" hits="0" branch="False" />
                <line number="52" hits="0" branch="False" />
                <line number="53" hits="0" branch="False" />
                <line number="54" hits="0" branch="False" />
                <line number="55" hits="0" branch="False" />
                <line number="56" hits="0" branch="False" />
                <line number="57" hits="0" branch="False" />
                <line number="58" hits="0" branch="False" />
                <line number="59" hits="0" branch="False" />
                <line number="61" hits="0" branch="False" />
                <line number="62" hits="0" branch="False" />
                <line number="63" hits="0" branch="False" />
                <line number="64" hits="0" branch="False" />
                <line number="65" hits="0" branch="False" />
                <line number="66" hits="0" branch="False" />
                <line number="67" hits="0" branch="False" />
                <line number="68" hits="0" branch="False" />
                <line number="69" hits="0" branch="False" />
                <line number="70" hits="0" branch="False" />
                <line number="71" hits="0" branch="False" />
                <line number="72" hits="0" branch="False" />
                <line number="73" hits="0" branch="False" />
                <line number="74" hits="0" branch="False" />
                <line number="75" hits="0" branch="False" />
                <line number="76" hits="0" branch="False" />
                <line number="77" hits="0" branch="False" />
                <line number="78" hits="0" branch="False" />
                <line number="79" hits="0" branch="False" />
                <line number="80" hits="0" branch="False" />
                <line number="81" hits="0" branch="False" />
                <line number="82" hits="0" branch="False" />
                <line number="83" hits="0" branch="False" />
                <line number="84" hits="0" branch="False" />
                <line number="85" hits="0" branch="False" />
                <line number="86" hits="0" branch="False" />
                <line number="87" hits="0" branch="False" />
                <line number="88" hits="0" branch="False" />
                <line number="89" hits="0" branch="False" />
                <line number="90" hits="0" branch="False" />
                <line number="92" hits="0" branch="False" />
                <line number="93" hits="0" branch="False" />
                <line number="94" hits="0" branch="False" />
                <line number="95" hits="0" branch="False" />
                <line number="96" hits="0" branch="False" />
                <line number="97" hits="0" branch="False" />
                <line number="98" hits="0" branch="False" />
                <line number="99" hits="0" branch="False" />
                <line number="101" hits="0" branch="False" />
              </lines>
            </method>
          </methods>
          <lines>
            <line number="17" hits="0" branch="False" />
            <line number="19" hits="0" branch="False" />
            <line number="20" hits="0" branch="False" />
            <line number="21" hits="0" branch="False" />
            <line number="23" hits="0" branch="False" />
            <line number="25" hits="0" branch="False" />
            <line number="26" hits="0" branch="False" />
            <line number="27" hits="0" branch="False" />
            <line number="28" hits="0" branch="False" />
            <line number="29" hits="0" branch="False" />
            <line number="30" hits="0" branch="False" />
            <line number="31" hits="0" branch="False" />
            <line number="32" hits="0" branch="False" />
            <line number="33" hits="0" branch="False" />
            <line number="34" hits="0" branch="False" />
            <line number="35" hits="0" branch="False" />
            <line number="36" hits="0" branch="False" />
            <line number="37" hits="0" branch="False" />
            <line number="38" hits="0" branch="False" />
            <line number="39" hits="0" branch="False" />
            <line number="40" hits="0" branch="False" />
            <line number="41" hits="0" branch="False" />
            <line number="42" hits="0" branch="False" />
            <line number="43" hits="0" branch="False" />
            <line number="44" hits="0" branch="False" />
            <line number="45" hits="0" branch="False" />
            <line number="46" hits="0" branch="False" />
            <line number="47" hits="0" branch="False" />
            <line number="48" hits="0" branch="False" />
            <line number="49" hits="0" branch="False" />
            <line number="50" hits="0" branch="False" />
            <line number="51" hits="0" branch="False" />
            <line number="52" hits="0" branch="False" />
            <line number="53" hits="0" branch="False" />
            <line number="54" hits="0" branch="False" />
            <line number="55" hits="0" branch="False" />
            <line number="56" hits="0" branch="False" />
            <line number="57" hits="0" branch="False" />
            <line number="58" hits="0" branch="False" />
            <line number="59" hits="0" branch="False" />
            <line number="61" hits="0" branch="False" />
            <line number="62" hits="0" branch="False" />
            <line number="63" hits="0" branch="False" />
            <line number="64" hits="0" branch="False" />
            <line number="65" hits="0" branch="False" />
            <line number="66" hits="0" branch="False" />
            <line number="67" hits="0" branch="False" />
            <line number="68" hits="0" branch="False" />
            <line number="69" hits="0" branch="False" />
            <line number="70" hits="0" branch="False" />
            <line number="71" hits="0" branch="False" />
            <line number="72" hits="0" branch="False" />
            <line number="73" hits="0" branch="False" />
            <line number="74" hits="0" branch="False" />
            <line number="75" hits="0" branch="False" />
            <line number="76" hits="0" branch="False" />
            <line number="77" hits="0" branch="False" />
            <line number="78" hits="0" branch="False" />
            <line number="79" hits="0" branch="False" />
            <line number="80" hits="0" branch="False" />
            <line number="81" hits="0" branch="False" />
            <line number="82" hits="0" branch="False" />
            <line number="83" hits="0" branch="False" />
            <line number="84" hits="0" branch="False" />
            <line number="85" hits="0" branch="False" />
            <line number="86" hits="0" branch="False" />
            <line number="87" hits="0" branch="False" />
            <line number="88" hits="0" branch="False" />
            <line number="89" hits="0" branch="False" />
            <line number="90" hits="0" branch="False" />
            <line number="92" hits="0" branch="False" />
            <line number="93" hits="0" branch="False" />
            <line number="94" hits="0" branch="False" />
            <line number="95" hits="0" branch="False" />
            <line number="96" hits="0" branch="False" />
            <line number="97" hits="0" branch="False" />
            <line number="98" hits="0" branch="False" />
            <line number="99" hits="0" branch="False" />
            <line number="101" hits="0" branch="False" />
          </lines>
        </class>
        <class name="Kernel.Data.Managers.AlertsManager" filename="Kernel.Data\Managers\AlertsManager.cs" line-rate="1" branch-rate="1" complexity="1">
          <methods>
            <method name=".ctor" signature="(Kernel.Data.DataDbContext)" line-rate="1" branch-rate="1" complexity="1">
              <lines>
                <line number="9" hits="3" branch="False" />
                <line number="10" hits="3" branch="False" />
                <line number="11" hits="3" branch="False" />
              </lines>
            </method>
          </methods>
          <lines>
            <line number="9" hits="3" branch="False" />
            <line number="10" hits="3" branch="False" />
            <line number="11" hits="3" branch="False" />
          </lines>
        </class>
        <class name="Kernel.Data.Managers.AlertsManager/&lt;DeleteAsync&gt;d__4" filename="Kernel.Data\Managers\AlertsManager.cs" line-rate="0" branch-rate="0" complexity="2">
          <methods>
            <method name="MoveNext" signature="()" line-rate="0" branch-rate="0" complexity="2">
              <lines>
                <line number="30" hits="0" branch="False" />
                <line number="31" hits="0" branch="False" />
                <line number="33" hits="0" branch="True" condition-coverage="0% (0/2)">
                  <conditions>
                    <condition number="177" type="jump" coverage="0%" />
                  </conditions>
                </line>
                <line number="34" hits="0" branch="False" />
                <line number="35" hits="0" branch="False" />
                <line number="38" hits="0" branch="False" />
                <line number="40" hits="0" branch="False" />
                <line number="41" hits="0" branch="False" />
                <line number="42" hits="0" branch="False" />
              </lines>
            </method>
          </methods>
          <lines>
            <line number="30" hits="0" branch="False" />
            <line number="31" hits="0" branch="False" />
            <line number="33" hits="0" branch="True" condition-coverage="0% (0/2)">
              <conditions>
                <condition number="177" type="jump" coverage="0%" />
              </conditions>
            </line>
            <line number="34" hits="0" branch="False" />
            <line number="35" hits="0" branch="False" />
            <line number="38" hits="0" branch="False" />
            <line number="40" hits="0" branch="False" />
            <line number="41" hits="0" branch="False" />
            <line number="42" hits="0" branch="False" />
          </lines>
        </class>
        <class name="Kernel.Data.Managers.AlertsManager/&lt;GetAllAsync&gt;d__1" filename="Kernel.Data\Managers\AlertsManager.cs" line-rate="1" branch-rate="1" complexity="1">
          <methods>
            <method name="MoveNext" signature="()" line-rate="1" branch-rate="1" complexity="1">
              <lines>
                <line number="14" hits="2" branch="False" />
                <line number="15" hits="2" branch="False" />
                <line number="16" hits="2" branch="False" />
              </lines>
            </method>
          </methods>
          <lines>
            <line number="14" hits="2" branch="False" />
            <line number="15" hits="2" branch="False" />
            <line number="16" hits="2" branch="False" />
          </lines>
        </class>
        <class name="Kernel.Data.Managers.AlertsManager/&lt;GetAsync&gt;d__3" filename="Kernel.Data\Managers\AlertsManager.cs" line-rate="0" branch-rate="1" complexity="1">
          <methods>
            <method name="MoveNext" signature="()" line-rate="0" branch-rate="1" complexity="1">
              <lines>
                <line number="25" hits="0" branch="False" />
                <line number="26" hits="0" branch="False" />
                <line number="27" hits="0" branch="False" />
              </lines>
            </method>
          </methods>
          <lines>
            <line number="25" hits="0" branch="False" />
            <line number="26" hits="0" branch="False" />
            <line number="27" hits="0" branch="False" />
          </lines>
        </class>
        <class name="Kernel.Data.Managers.AlertsManager/&lt;UpdateAsync&gt;d__2" filename="Kernel.Data\Managers\AlertsManager.cs" line-rate="1" branch-rate="1" complexity="1">
          <methods>
            <method name="MoveNext" signature="()" line-rate="1" branch-rate="1" complexity="1">
              <lines>
                <line number="19" hits="3" branch="False" />
                <line number="20" hits="3" branch="False" />
                <line number="21" hits="3" branch="False" />
                <line number="22" hits="3" branch="False" />
              </lines>
            </method>
          </methods>
          <lines>
            <line number="19" hits="3" branch="False" />
            <line number="20" hits="3" branch="False" />
            <line number="21" hits="3" branch="False" />
            <line number="22" hits="3" branch="False" />
          </lines>
        </class>
        <class name="Kernel.Data.Managers.Manager`2" filename="Kernel.Data\Managers\Manager.cs" line-rate="1" branch-rate="1" complexity="1">
          <methods>
            <method name=".ctor" signature="(Kernel.Data.DataDbContext)" line-rate="1" branch-rate="1" complexity="1">
              <lines>
                <line number="12" hits="7" branch="False" />
                <line number="13" hits="7" branch="False" />
                <line number="14" hits="7" branch="False" />
                <line number="15" hits="7" branch="False" />
              </lines>
            </method>
          </methods>
          <lines>
            <line number="12" hits="7" branch="False" />
            <line number="13" hits="7" branch="False" />
            <line number="14" hits="7" branch="False" />
            <line number="15" hits="7" branch="False" />
          </lines>
        </class>
        <class name="Kernel.Data.Managers.UsersManager" filename="Kernel.Data\Managers\UsersManager.cs" line-rate="1" branch-rate="1" complexity="1">
          <methods>
            <method name=".ctor" signature="(Kernel.Data.DataDbContext)" line-rate="1" branch-rate="1" complexity="1">
              <lines>
                <line number="9" hits="4" branch="False" />
                <line number="10" hits="4" branch="False" />
                <line number="11" hits="4" branch="False" />
              </lines>
            </method>
          </methods>
          <lines>
            <line number="9" hits="4" branch="False" />
            <line number="10" hits="4" branch="False" />
            <line number="11" hits="4" branch="False" />
          </lines>
        </class>
        <class name="Kernel.Data.Managers.UsersManager/&lt;DeleteAsync&gt;d__4" filename="Kernel.Data\Managers\UsersManager.cs" line-rate="0" branch-rate="0" complexity="2">
          <methods>
            <method name="MoveNext" signature="()" line-rate="0" branch-rate="0" complexity="2">
              <lines>
                <line number="38" hits="0" branch="False" />
                <line number="39" hits="0" branch="False" />
                <line number="41" hits="0" branch="True" condition-coverage="0% (0/2)">
                  <conditions>
                    <condition number="177" type="jump" coverage="0%" />
[...]
              <lines>
                <line number="12" hits="1" branch="False" />
                <line number="13" hits="1" branch="False" />
                <line number="14" hits="1" branch="False" />
                <line number="15" hits="1" branch="False" />
              </lines>
            </method>
          </methods>
          <lines>
            <line number="21" hits="4" branch="False" />
            <line number="12" hits="1" branch="False" />
            <line number="13" hits="1" branch="False" />
            <line number="14" hits="1" branch="False" />
            <line number="15" hits="1" branch="False" />
          </lines>
        </class>
        <class name="Kernel.Requests.Handlers.GetLosersQueryHandler/&lt;Handle&gt;d__2" filename="Kernel\Requests\Handlers\GetLosersQueryHandler.cs" line-rate="1" branch-rate="1" complexity="1">
          <methods>
            <method name="MoveNext" signature="()" line-rate="1" branch-rate="1" complexity="1">
              <lines>
                <line number="19" hits="1" branch="False" />
                <line number="20" hits="1" branch="False" />
                <line number="22" hits="1" branch="False" />
              </lines>
            </method>
          </methods>
          <lines>
            <line number="19" hits="1" branch="False" />
            <line number="20" hits="1" branch="False" />
            <line number="22" hits="1" branch="False" />
          </lines>
        </class>
        <class name="Kernel.Requests.Handlers.GetTrendingQueryHandler" filename="Kernel\Requests\Handlers\GetTrendingQueryHandler.cs" line-rate="1" branch-rate="1" complexity="2">
          <methods>
            <method name="&lt;Handle&gt;b__2_0" signature="(Kernel.Client.Contracts.Cryptocurrency)" line-rate="1" branch-rate="1" complexity="1">
              <lines>
                <line number="21" hits="4" branch="False" />
              </lines>
            </method>
            <method name=".ctor" signature="(Kernel.Client.Clients.BaseClient)" line-rate="1" branch-rate="1" complexity="1">
              <lines>
                <line number="12" hits="1" branch="False" />
                <line number="13" hits="1" branch="False" />
                <line number="14" hits="1" branch="False" />
                <line number="15" hits="1" branch="False" />
              </lines>
            </method>
          </methods>
          <lines>
            <line number="21" hits="4" branch="False" />
            <line number="12" hits="1" branch="False" />
            <line number="13" hits="1" branch="False" />
            <line number="14" hits="1" branch="False" />
            <line number="15" hits="1" branch="False" />
          </lines>
        </class>
        <class name="Kernel.Requests.Handlers.GetTrendingQueryHandler/&lt;Handle&gt;d__2" filename="Kernel\Requests\Handlers\GetTrendingQueryHandler.cs" line-rate="1" branch-rate="1" complexity="1">
          <methods>
            <method name="MoveNext" signature="()" line-rate="1" branch-rate="1" complexity="1">
              <lines>
                <line number="19" hits="1" branch="False" />
                <line number="20" hits="1" branch="False" />
                <line number="22" hits="1" branch="False" />
              </lines>
            </method>
          </methods>
          <lines>
            <line number="19" hits="1" branch="False" />
            <line number="20" hits="1" branch="False" />
            <line number="22" hits="1" branch="False" />
          </lines>
        </class>
        <class name="Kernel.Requests.Commands.CreateAlertCommand" filename="Kernel\Requests\Commands\CreateAlertCommand.cs" line-rate="1" branch-rate="1" complexity="1">
          <methods>
            <method name="get_ChatId" signature="()" line-rate="1" branch-rate="1" complexity="1">
              <lines>
                <line number="6" hits="8" branch="False" />
              </lines>
            </method>
          </methods>
          <lines>
            <line number="6" hits="8" branch="False" />
          </lines>
        </class>
        <class name="Kernel.Requests.Commands.CreateUserCommand" filename="Kernel\Requests\Commands\CreateUserCommand.cs" line-rate="1" branch-rate="1" complexity="1">
          <methods>
            <method name="get_ChatId" signature="()" line-rate="1" branch-rate="1" complexity="1">
              <lines>
                <line number="5" hits="9" branch="False" />
              </lines>
            </method>
          </methods>
          <lines>
            <line number="5" hits="9" branch="False" />
          </lines>
        </class>
        <class name="Kernel.Factories.TelegramBotFactory" filename="Kernel\Factories\TelegramBotFactory.cs" line-rate="0" branch-rate="1" complexity="2">
          <methods>
            <method name="GetProduct" signature="()" line-rate="0" branch-rate="1" complexity="1">
              <lines>
                <line number="18" hits="0" branch="False" />
                <line number="19" hits="0" branch="False" />
                <line number="22" hits="0" branch="False" />
                <line number="23" hits="0" branch="False" />
                <line number="24" hits="0" branch="False" />
              </lines>
            </method>
            <method name=".ctor" signature="(System.IServiceProvider,Microsoft.Extensions.Logging.ILoggerFactory)" line-rate="0" branch-rate="1" complexity="1">
              <lines>
                <line number="11" hits="0" branch="False" />
                <line number="12" hits="0" branch="False" />
                <line number="13" hits="0" branch="False" />
                <line number="14" hits="0" branch="False" />
                <line number="15" hits="0" branch="False" />
              </lines>
            </method>
          </methods>
          <lines>
            <line number="18" hits="0" branch="False" />
            <line number="19" hits="0" branch="False" />
            <line number="22" hits="0" branch="False" />
            <line number="23" hits="0" branch="False" />
            <line number="24" hits="0" branch="False" />
            <line number="11" hits="0" branch="False" />
            <line number="12" hits="0" branch="False" />
            <line number="13" hits="0" branch="False" />
            <line number="14" hits="0" branch="False" />
            <line number="15" hits="0" branch="False" />
          </lines>
        </class>
      </classes>
    </package>
    <package name="Kernel.Domain" line-rate="0.5832999999999999" branch-rate="1" complexity="10">
      <classes>
        <class name="Kernel.Domain.InternalEntity" filename="Kernel.Domain\InternalEntity.cs" line-rate="0" branch-rate="1" complexity="1">
          <methods>
            <method name="get_Id" signature="()" line-rate="0" branch-rate="1" complexity="1">
              <lines>
                <line number="3" hits="0" branch="False" />
              </lines>
            </method>
          </methods>
          <lines>
            <line number="3" hits="0" branch="False" />
          </lines>
        </class>
        <class name="Kernel.Domain.SymbolPrice" filename="Kernel.Domain\SymbolPrice.cs" line-rate="0" branch-rate="1" complexity="2">
          <methods>
            <method name="get_Symbol" signature="()" line-rate="0" branch-rate="1" complexity="1">
              <lines>
                <line number="5" hits="0" branch="False" />
              </lines>
            </method>
            <method name="get_Price" signature="()" line-rate="0" branch-rate="1" complexity="1">
              <lines>
                <line number="6" hits="0" branch="False" />
              </lines>
            </method>
          </methods>
          <lines>
            <line number="5" hits="0" branch="False" />
            <line number="6" hits="0" branch="False" />
          </lines>
        </class>
        <class name="Kernel.Domain.Entities.InternalAlert" filename="Kernel.Domain\Entities\InternalAlert.cs" line-rate="0.75" branch-rate="1" complexity="3">
          <methods>
            <method name="get_TradingPair" signature="()" line-rate="1" branch-rate="1" complexity="1">
              <lines>
                <line number="3" hits="20" branch="False" />
              </lines>
            </method>
            <method name="get_Id" signature="()" line-rate="0" branch-rate="1" complexity="1">
              <lines>
                <line number="5" hits="0" branch="False" />
              </lines>
            </method>
            <method name=".ctor" signature="(System.String,System.Decimal,System.Boolean,System.String)" line-rate="1" branch-rate="1" complexity="1">
              <lines>
                <line number="4" hits="2" branch="False" />
                <line number="6" hits="2" branch="False" />
              </lines>
            </method>
          </methods>
          <lines>
            <line number="3" hits="20" branch="False" />
            <line number="5" hits="0" branch="False" />
            <line number="4" hits="2" branch="False" />
            <line number="6" hits="2" branch="False" />
          </lines>
        </class>
        <class name="Kernel.Domain.Entities.InternalCryptocurrency" filename="Kernel.Domain\Entities\InternalCryptocurrency.cs" line-rate="1" branch-rate="1" complexity="1">
          <methods>
            <method name="get_Id" signature="()" line-rate="1" branch-rate="1" complexity="1">
              <lines>
                <line number="3" hits="162" branch="False" />
              </lines>
            </method>
          </methods>
          <lines>
            <line number="3" hits="162" branch="False" />
          </lines>
        </class>
        <class name="Kernel.Domain.Entities.InternalUser" filename="Kernel.Domain\Entities\InternalUser.cs" line-rate="0.75" branch-rate="1" complexity="3">
          <methods>
            <method name="get_ChatId" signature="()" line-rate="1" branch-rate="1" complexity="1">
              <lines>
                <line number="3" hits="31" branch="False" />
              </lines>
            </method>
            <method name="get_Id" signature="()" line-rate="0" branch-rate="1" complexity="1">
              <lines>
                <line number="5" hits="0" branch="False" />
              </lines>
            </method>
            <method name=".ctor" signature="(System.Int64,System.String,System.String,System.String)" line-rate="1" branch-rate="1" complexity="1">
              <lines>
                <line number="4" hits="3" branch="False" />
                <line number="6" hits="3" branch="False" />
              </lines>
            </method>
          </methods>
          <lines>
            <line number="3" hits="31" branch="False" />
            <line number="5" hits="0" branch="False" />
            <line number="4" hits="3" branch="False" />
            <line number="6" hits="3" branch="False" />
          </lines>
        </class>
      </classes>
    </package>
    <package name="Mediator" line-rate="0.8946999999999999" branch-rate="0.875" complexity="17">
      <classes>
        <class name="Mediator.MediatorExtensions" filename="Mediator\MediatorExtensions.cs" line-rate="1" branch-rate="1" complexity="12">
          <methods>
            <method name="AddMediator" signature="(Microsoft.Extensions.DependencyInjection.IServiceCollection,Microsoft.Extensions.DependencyInjection.ServiceLifetime,System.Reflection.Assembly[])" line-rate="1" branch-rate="1" complexity="6">
              <lines>
                <line number="11" hits="9" branch="False" />
                <line number="12" hits="9" branch="False" />
                <line number="14" hits="45" branch="True" condition-coverage="100% (2/2)">
                  <conditions>
                    <condition number="236" type="jump" coverage="100%" />
                  </conditions>
                </line>
                <line number="15" hits="9" branch="False" />
                <line number="16" hits="9" branch="False" />
                <line number="17" hits="9" branch="False" />
                <line number="19" hits="135" branch="True" condition-coverage="100% (2/2)">
                  <conditions>
                    <condition number="157" type="jump" coverage="100%" />
                  </conditions>
                </line>
                <line number="20" hits="54" branch="False" />
                <line number="21" hits="378" branch="False" />
                <line number="22" hits="54" branch="False" />
                <line number="24" hits="63" branch="True" condition-coverage="100% (2/2)">
                  <conditions>
                    <condition number="185" type="jump" coverage="100%" />
                  </conditions>
                </line>
                <line number="25" hits="9" branch="False" />
                <line number="26" hits="9" branch="False" />
                <line number="28" hits="14" branch="False" />
                <line number="30" hits="9" branch="False" />
                <line number="31" hits="9" branch="False" />
              </lines>
            </method>
            <method name="GetClassesImplementingInterface" signature="(System.Reflection.Assembly,System.Type)" line-rate="1" branch-rate="1" complexity="6">
              <lines>
                <line number="34" hits="18" branch="False" />
                <line number="35" hits="558" branch="True" condition-coverage="100% (6/6)">
                  <conditions>
                    <condition number="6" type="jump" coverage="100%" />
                    <condition number="14" type="jump" coverage="100%" />
                    <condition number="65" type="jump" coverage="100%" />
                  </conditions>
                </line>
                <line number="36" hits="396" branch="False" />
                <line number="37" hits="936" branch="False" />
                <line number="38" hits="18" branch="False" />
              </lines>
            </method>
          </methods>
          <lines>
            <line number="11" hits="9" branch="False" />
            <line number="12" hits="9" branch="False" />
            <line number="14" hits="45" branch="True" condition-coverage="100% (2/2)">
              <conditions>
                <condition number="236" type="jump" coverage="100%" />
              </conditions>
            </line>
            <line number="15" hits="9" branch="False" />
            <line number="16" hits="9" branch="False" />
            <line number="17" hits="9" branch="False" />
            <line number="19" hits="135" branch="True" condition-coverage="100% (2/2)">
              <conditions>
                <condition number="157" type="jump" coverage="100%" />
              </conditions>
            </line>
            <line number="20" hits="54" branch="False" />
            <line number="21" hits="378" branch="False" />
            <line number="22" hits="54" branch="False" />
            <line number="24" hits="63" branch="True" condition-coverage="100% (2/2)">
              <conditions>
                <condition number="185" type="jump" coverage="100%" />
              </conditions>
            </line>
            <line number="25" hits="9" branch="False" />
            <line number="26" hits="9" branch="False" />
            <line number="28" hits="14" branch="False" />
            <line number="30" hits="9" branch="False" />
            <line number="31" hits="9" branch="False" />
            <line number="34" hits="18" branch="False" />
            <line number="35" hits="558" branch="True" condition-coverage="100% (6/6)">
              <conditions>
                <condition number="6" type="jump" coverage="100%" />
                <condition number="14" type="jump" coverage="100%" />
                <condition number="65" type="jump" coverage="100%" />
              </conditions>
            </line>
            <line number="36" hits="396" branch="False" />
            <line number="37" hits="936" branch="False" />
            <line number="38" hits="18" branch="False" />
          </lines>
        </class>
        <class name="Mediator.Mediator.MediatorImpl" filename="Mediator\Mediator\MediatorImpl.cs" line-rate="1" branch-rate="1" complexity="1">
          <methods>
            <method name=".ctor" signature="(System.Func`2&lt;System.Type,System.Object&gt;,System.Collections.Generic.IDictionary`2&lt;System.Type,System.Type&gt;)" line-rate="1" branch-rate="1" complexity="1">
              <lines>
                <line number="10" hits="5" branch="False" />
                <line number="11" hits="5" branch="False" />
                <line number="12" hits="5" branch="False" />
                <line number="13" hits="5" branch="False" />
                <line number="14" hits="5" branch="False" />
              </lines>
            </method>
          </methods>
          <lines>
            <line number="10" hits="5" branch="False" />
            <line number="11" hits="5" branch="False" />
            <line number="12" hits="5" branch="False" />
            <line number="13" hits="5" branch="False" />
            <line number="14" hits="5" branch="False" />
          </lines>
        </class>
        <class name="Mediator.Mediator.MediatorImpl/&lt;Send&gt;d__3`1" filename="Mediator\Mediator\MediatorImpl.cs" line-rate="0.6666" branch-rate="0.5" complexity="4">
          <methods>
            <method name="MoveNext" signature="()" line-rate="0.6666" branch-rate="0.5" complexity="4">
              <lines>
                <line number="17" hits="5" branch="False" />
                <line number="18" hits="5" branch="True" condition-coverage="50% (1/2)">
                  <conditions>
                    <condition number="29" type="jump" coverage="50%" />
                  </conditions>
                </line>
                <line number="19" hits="0" branch="False" />
                <line number="20" hits="0" branch="False" />
                <line number="23" hits="5" branch="False" />
                <line number="24" hits="5" branch="True" condition-coverage="50% (1/2)">
                  <conditions>
                    <condition number="87" type="jump" coverage="50%" />
                  </conditions>
                </line>
                <line number="25" hits="0" branch="False" />
                <line number="26" hits="0" branch="False" />
                <line number="29" hits="5" branch="False" />
                <line number="30" hits="5" branch="False" />
                <line number="32" hits="5" branch="False" />
                <line number="33" hits="5" branch="False" />
              </lines>
            </method>
          </methods>
          <lines>
            <line number="17" hits="5" branch="False" />
            <line number="18" hits="5" branch="True" condition-coverage="50% (1/2)">
              <conditions>
                <condition number="29" type="jump" coverage="50%" />
              </conditions>
            </line>
            <line number="19" hits="0" branch="False" />
            <line number="20" hits="0" branch="False" />
            <line number="23" hits="5" branch="False" />
            <line number="24" hits="5" branch="True" condition-coverage="50% (1/2)">
              <conditions>
                <condition number="87" type="jump" coverage="50%" />
              </conditions>
            </line>
            <line number="25" hits="0" branch="False" />
            <line number="26" hits="0" branch="False" />
            <line number="29" hits="5" branch="False" />
            <line number="30" hits="5" branch="False" />
            <line number="32" hits="5" branch="False" />
            <line number="33" hits="5" branch="False" />
          </lines>
        </class>
      </classes>
    </package>
  </packages>
</coverage>